<?xml version="1.0" encoding="UTF-8"?>
<!-- Generated by org.testng.reporters.JUnitReportReporter -->
<testsuite hostname="BOB" name="train1.TestBrower" tests="1" failures="0" timestamp="18 Aug 2016 14:07:38 GMT" time="14.345" errors="0">
  <testcase name="getWebDriver" time="14.345" classname="train1.TestBrower"/>
</testsuite> <!-- train1.TestBrower -->
